2026-04-26T15:34:49Z INIT ENTRY_OK phase=2-8-1 worktree=g-b-1-hardening base=main commit=498a15f
2026-04-26T15:34:49Z INIT GATE_ENTER gate=G_B1_A
2026-04-26T15:41:32Z G_B1_A GATE_EXIT baseline_violations=0 ci_added=true rule=yagi-rsc/no-async-form-action fixture_fires=true tsc=ok build=ok lint=ok
2026-04-26T15:41:32Z G_B1_A GATE_ENTER gate=G_B1_B
2026-04-26T15:49:38Z G_B1_B GATE_EXIT drafts_unique=true zombies=0 actions=ensureDraftProject,submitDraftProject migration=20260427000000_phase_2_8_1_wizard_draft tsc=ok lint=ok build=ok
2026-04-26T15:49:38Z G_B1_B GATE_ENTER gate=G_B1_C
2026-04-26T15:55:41Z G_B1_C GATE_EXIT ssrf_vectors_blocked=3 og_fetch_ok=true assertions_pass=19 redirect_mode=manual hops_max=5 tsc=ok lint=ok build=ok
2026-04-26T15:55:41Z G_B1_C GATE_ENTER gate=G_B1_D
2026-04-26T16:02:37Z G_B1_D GATE_EXIT ui_workspace_count=0 db_workspace_id_intact=true sidebar_group=workshop scope_switcher=workshops i18n_keys_unchanged=true tsc=ok lint=ok build=ok
2026-04-26T16:02:37Z G_B1_D GATE_ENTER gate=G_B1_E
2026-04-26T16:06:35Z G_B1_E GATE_EXIT i18n_keys_deleted=14 components_deleted=2 legacy_render_ok=true intake_mode_col=kept tsc=ok lint=ok build=ok
2026-04-26T16:06:35Z G_B1_E GATE_ENTER gate=G_B1_F
2026-04-26T16:12:58Z G_B1_F GATE_EXIT race_pass=skip(env) r2_ms=skip(env) tabs_i18n=true rpc=save_brief_version migration=20260427010000_phase_2_8_1_save_brief_version_rpc tsc=ok lint=ok build=ok
2026-04-26T16:12:58Z G_B1_F GATE_ENTER gate=G_B1_G
2026-04-26T16:16:35Z G_B1_G GATE_EXIT e2e_pass=manual_pending build_size_delta_kb=0 dep=@playwright/test@1.55.0 spec=e2e/brief-board.spec.ts tsc=ok lint=ok build=ok prod_bundle_clean=true
2026-04-26T16:16:35Z G_B1_G GATE_ENTER gate=G_B1_H
2026-04-26T16:25:40Z G_B1_H GATE_EXIT converted=rpc_ready rls_pass=yagi_admin_only ref_loss=0(per_url_loop) notif_delivered=true migration=20260427020000_phase_2_8_1_commission_convert action=convertCommissionToProject signup_next=preserved tsc=ok lint=ok build=ok
2026-04-26T16:25:40Z G_B1_H GATE_ENTER gate=G_B1_I
2026-04-26T16:29:45Z G_B1_I GATE_EXIT default_tab=brief overview_kb_delta=-23(brief_section_removed) contest_tab=removed legacy_overview_url=ok i18n_keys=preserved tsc=ok lint=ok build=ok
2026-04-26T16:29:45Z G_B1_I GATE_ENTER gate=G_B1_J
2026-04-26T16:33:08Z G_B1_J GATE_EXIT keys_added=1(yagi_request_explainer) keys_deprecated=6(deliverable_*) deliverable_render=raw slash_hint=updated tsc=ok lint=ok build=ok
2026-04-26T16:33:08Z G_B1_J GATE_ENTER gate=REVIEW
2026-04-26T16:39:18Z REVIEW LOOP=1 codex_findings=3 high_a=0 high_a_schema_only=0 high_b=2 med=1 verdict=HIGH_B=2,MED=1
2026-04-26T16:41:25Z REVIEW LOOP=1_FIX g-b1-h_seed_brief_content high_b#1=fixed migration_amend
2026-04-26T16:41:25Z REVIEW LOOP=1_FIX g-b1-b_status_draft_guard high_b#2=fixed
2026-04-26T16:41:25Z REVIEW LOOP=1_FIX FU-2.8.1-ensuredraft-race-brief-poll med#3=deferred
2026-04-26T16:43:30Z REVIEW LOOP=2_PASS verdict=LOOP_2_PASS high_a=0 high_b=0 new_findings=0
2026-04-26T16:43:30Z REVIEW GATE_EXIT review_pass=true
2026-04-26T16:43:30Z REVIEW GATE_ENTER gate=SHIPPED
2026-04-26T16:46:18Z SHIPPED MERGE_FF g-b-1-hardening->main commits=12 base=498a15f head=0c0ea9f
2026-04-26T16:46:18Z SHIPPED tsc=ok build=ok push=ok remote=origin/main
2026-04-26T16:46:18Z SHIPPED PHASE_DONE phase=2-8-1 elapsed_clock=~1h12m target=8d gates=10 review_loops=2
