messages/en.json
messages/ko.json
package.json
pnpm-lock.yaml
public/brand/yagi-icon-logo-black.png
public/brand/yagi-talk-icon.png
public/brand/yagi-text-logo-black.png
scripts/create-artist-account.ts
src/app/[locale]/(auth)/forgot-password/page.tsx
src/app/[locale]/(auth)/signin/page.tsx
src/app/[locale]/(auth)/signup/page.tsx
src/app/[locale]/app/admin/projects/[id]/page.tsx
src/app/[locale]/app/admin/projects/page.tsx
src/app/[locale]/app/dashboard/page.tsx
src/app/[locale]/app/layout.tsx
src/app/[locale]/app/meetings/page.tsx
src/app/[locale]/app/page.tsx
src/app/[locale]/app/projects/[id]/board-actions.ts
src/app/[locale]/app/projects/[id]/page.tsx
src/app/[locale]/app/projects/[id]/ref-actions.ts
src/app/[locale]/app/projects/new/actions.ts
src/app/[locale]/app/projects/new/new-project-wizard.tsx
src/app/[locale]/app/projects/page.tsx
src/app/[locale]/app/settings/actions.ts
src/app/[locale]/app/settings/page.tsx
src/app/[locale]/app/settings/profile-form.tsx
src/app/[locale]/app/settings/team-panel.tsx
src/app/[locale]/app/settings/workspace-form.tsx
src/app/[locale]/auth/expired/page.tsx
src/app/[locale]/auth/layout.tsx
src/app/[locale]/auth/verify/page.tsx
src/app/[locale]/layout.tsx
src/app/[locale]/onboarding/page.tsx
src/app/[locale]/onboarding/profile/actions.ts
src/app/[locale]/onboarding/profile/client/page.tsx
src/app/[locale]/onboarding/profile/creator/page.tsx
src/app/[locale]/onboarding/profile/observer/page.tsx
src/app/[locale]/onboarding/profile/page.tsx
src/app/[locale]/onboarding/profile/studio/page.tsx
src/app/[locale]/onboarding/profile/studio/studio-form.tsx
src/app/[locale]/onboarding/role/page.tsx
src/app/[locale]/onboarding/workspace/page.tsx
src/app/auth/callback/route.ts
src/app/auth/confirm/route.ts
src/app/challenges/[slug]/submit/page.tsx
src/app/globals.css
src/app/u/[handle]/not-found.tsx
src/app/u/[handle]/page.tsx
src/app/u/layout.tsx
src/components/admin/asset-list-panel.tsx
src/components/app/sidebar-brand.tsx
src/components/app/sidebar-nav.tsx
src/components/app/sidebar-public-exit.tsx
src/components/app/sidebar-scope-switcher.tsx
src/components/app/sidebar-user-menu.tsx
src/components/app/sidebar.tsx
src/components/brief-board/editor.tsx
src/components/challenges/header-cta-resolver.tsx
src/components/challenges/primary-cta-button.tsx
src/components/commission/intake-state-pill.tsx
src/components/dashboard/count-cards.tsx
src/components/dashboard/rfp-row-card.tsx
src/components/project-board/asset-action-menu.tsx
src/components/project-board/attachments-section.tsx
src/components/project-board/attachments/pdf-card.tsx
src/components/project-board/attachments/url-card.tsx
src/components/project-board/brief-board-attachments-client.tsx
src/components/project-board/brief-board-client.tsx
src/components/project-board/brief-board-shell-client.tsx
src/components/project-board/empty-overlay.tsx
src/components/project-board/lock-button.tsx
src/components/project-board/locked-banner.tsx
src/components/project-board/project-board.tsx
src/components/project-board/shapes/image-shape.ts
src/components/project-board/shapes/pdf-shape.ts
src/components/project-board/shapes/url-card-shape.ts
src/components/project-board/shapes/yagi-shape-types.d.ts
src/components/project-board/tldraw-theme.css
src/components/project-board/version-history-panel.tsx
src/components/project-detail/board-tab.tsx
src/components/project-detail/hero-card.tsx
src/components/project-detail/info-rail.tsx
src/components/project-detail/placeholder-tab.tsx
src/components/project-detail/progress-tab.tsx
src/components/project-detail/status-timeline.tsx
src/components/project-detail/tabs.tsx
src/components/project/thread-panel.tsx
src/components/projects/project-list-card.tsx
src/components/projects/projects-hub-hero.tsx
src/components/projects/wizard/summary-card.tsx
src/components/sidebar/workspace-switcher.tsx
src/components/support/support-widget.tsx
src/lib/app/context.ts
src/lib/app/scopes.ts
src/lib/board/asset-index.test.ts
src/lib/board/asset-index.ts
src/lib/email/new-message.ts
src/lib/email/send-onboarding.ts
src/lib/email/templates/index.ts
src/lib/email/templates/role-confirmation.ts
src/lib/email/templates/signup-welcome.ts
src/lib/onboarding/role-redirects.ts
src/lib/profile/queries.ts
src/lib/r2/client.ts
src/lib/supabase/client.ts
src/lib/supabase/database.types.ts
src/lib/supabase/middleware.ts
src/lib/supabase/server.ts
src/lib/workspace/actions.ts
src/lib/workspace/active.ts
src/middleware.ts
supabase/migrations/20260429113853_phase_3_1_project_board.sql
supabase/migrations/20260429124343_phase_3_1_k05_loop_1_fixes.sql
supabase/migrations/20260429125246_phase_3_1_k05_loop_2_drop_unsafe_seed_overload.sql
supabase/migrations/20260429144523_phase_3_1_hotfix_3_attachments.sql
supabase/migrations/20260429151821_phase_3_1_hotfix_3_k05_loop_1_fixes.sql
supabase/migrations/20260429151910_phase_3_1_hotfix_3_k05_loop_1_fix_url_jsonb.sql
supabase/migrations/20260430075826_phase_3_1_hotfix_3_meeting_preferred_at.sql
supabase/migrations/20260501000000_phase_4_x_workspace_kind_and_licenses.sql
supabase/migrations/20260501095935_phase_4_x_auto_profile_on_signup.sql
supabase/migrations/20260501100806_phase_4_x_widen_profile_role_enum.sql
supabase/migrations/20260501140308_phase_4_x_handle_new_user_search_path_hardening.sql
supabase/templates/email/README.md
supabase/templates/email/confirm.html
supabase/templates/email/magic_link.html
supabase/templates/email/recovery.html
tailwind.config.ts
tsconfig.json
